{"level":"info","time":"2021-06-22T16:01:34.960+0800","caller":"/works/code/vd-node-manage/pkg/logging/logging.go:92","msg":"log 初始化成功","serviceName":"zebus"}
{"level":"info","time":"2021-06-22T16:01:34.960+0800","caller":"/works/code/vd-node-manage/models/init.go:18","msg":"初始化数据库连接","serviceName":"zebus"}
{"level":"info","time":"2021-06-22T16:01:34.961+0800","caller":"/works/code/vd-node-manage/models/migration.go:19","msg":"开始进行数据库初始化......","serviceName":"zebus"}
{"level":"info","time":"2021-06-22T16:01:35.263+0800","caller":"/works/code/vd-node-manage/models/migration.go:25","msg":"数据库初始化结束","serviceName":"zebus"}
{"level":"info","time":"2021-06-22T16:34:24.644+0800","caller":"/works/code/vd-node-manage/pkg/logging/logging.go:92","msg":"log 初始化成功","serviceName":"zebus"}
{"level":"info","time":"2021-06-22T16:34:24.644+0800","caller":"/works/code/vd-node-manage/models/init.go:18","msg":"初始化数据库连接","serviceName":"zebus"}
{"level":"info","time":"2021-06-22T16:34:24.646+0800","caller":"/works/code/vd-node-manage/models/migration.go:19","msg":"开始进行数据库初始化......","serviceName":"zebus"}
{"level":"info","time":"2021-06-22T16:34:24.962+0800","caller":"/works/code/vd-node-manage/models/migration.go:25","msg":"数据库初始化结束","serviceName":"zebus"}
{"level":"info","time":"2021-06-22T16:35:39.543+0800","caller":"/works/code/vd-node-manage/pkg/logging/logging.go:92","msg":"log 初始化成功","serviceName":"zebus"}
{"level":"info","time":"2021-06-22T16:35:39.543+0800","caller":"/works/code/vd-node-manage/models/init.go:18","msg":"初始化数据库连接","serviceName":"zebus"}
{"level":"info","time":"2021-06-22T16:35:39.544+0800","caller":"/works/code/vd-node-manage/models/migration.go:19","msg":"开始进行数据库初始化......","serviceName":"zebus"}
{"level":"info","time":"2021-06-22T16:35:39.891+0800","caller":"/works/code/vd-node-manage/models/migration.go:25","msg":"数据库初始化结束","serviceName":"zebus"}
{"level":"info","time":"2021-06-22T16:35:43.682+0800","caller":"/works/code/vd-node-manage/pkg/logging/logging.go:92","msg":"log 初始化成功","serviceName":"zebus"}
{"level":"info","time":"2021-06-22T16:35:43.683+0800","caller":"/works/code/vd-node-manage/models/init.go:18","msg":"初始化数据库连接","serviceName":"zebus"}
{"level":"info","time":"2021-06-22T16:35:43.685+0800","caller":"/works/code/vd-node-manage/models/migration.go:19","msg":"开始进行数据库初始化......","serviceName":"zebus"}
{"level":"info","time":"2021-06-22T16:35:44.070+0800","caller":"/works/code/vd-node-manage/models/migration.go:25","msg":"数据库初始化结束","serviceName":"zebus"}
{"level":"info","time":"2021-06-22T16:36:13.353+0800","caller":"/works/code/vd-node-manage/pkg/logging/logging.go:92","msg":"log 初始化成功","serviceName":"zebus"}
{"level":"info","time":"2021-06-22T16:36:13.355+0800","caller":"/works/code/vd-node-manage/models/init.go:18","msg":"初始化数据库连接","serviceName":"zebus"}
{"level":"info","time":"2021-06-22T16:36:13.356+0800","caller":"/works/code/vd-node-manage/models/migration.go:19","msg":"开始进行数据库初始化......","serviceName":"zebus"}
{"level":"info","time":"2021-06-22T16:36:13.707+0800","caller":"/works/code/vd-node-manage/models/migration.go:25","msg":"数据库初始化结束","serviceName":"zebus"}
{"level":"warn","time":"2021-06-22T16:36:13.708+0800","caller":"/works/code/vd-node-manage/cmd/app/main.go:25","msg":"无法监听[:8888],listen tcp :8888: bind: address already in use","serviceName":"zebus"}
{"level":"info","time":"2021-06-22T16:36:20.488+0800","caller":"/works/code/vd-node-manage/pkg/logging/logging.go:92","msg":"log 初始化成功","serviceName":"zebus"}
{"level":"info","time":"2021-06-22T16:36:20.492+0800","caller":"/works/code/vd-node-manage/models/init.go:18","msg":"初始化数据库连接","serviceName":"zebus"}
{"level":"info","time":"2021-06-22T16:36:20.493+0800","caller":"/works/code/vd-node-manage/models/migration.go:19","msg":"开始进行数据库初始化......","serviceName":"zebus"}
{"level":"info","time":"2021-06-22T16:36:20.822+0800","caller":"/works/code/vd-node-manage/models/migration.go:25","msg":"数据库初始化结束","serviceName":"zebus"}
{"level":"warn","time":"2021-06-22T16:36:20.823+0800","caller":"/works/code/vd-node-manage/cmd/app/main.go:25","msg":"无法监听[:8888],listen tcp :8888: bind: address already in use","serviceName":"zebus"}
{"level":"info","time":"2021-06-22T16:36:33.141+0800","caller":"/works/code/vd-node-manage/pkg/logging/logging.go:92","msg":"log 初始化成功","serviceName":"zebus"}
{"level":"info","time":"2021-06-22T16:36:33.145+0800","caller":"/works/code/vd-node-manage/models/init.go:18","msg":"初始化数据库连接","serviceName":"zebus"}
{"level":"info","time":"2021-06-22T16:36:33.146+0800","caller":"/works/code/vd-node-manage/models/migration.go:19","msg":"开始进行数据库初始化......","serviceName":"zebus"}
{"level":"info","time":"2021-06-22T16:36:33.498+0800","caller":"/works/code/vd-node-manage/models/migration.go:25","msg":"数据库初始化结束","serviceName":"zebus"}
{"level":"info","time":"2021-06-22T16:43:13.380+0800","caller":"/works/code/vd-node-manage/pkg/logging/logging.go:92","msg":"log 初始化成功","serviceName":"zebus"}
{"level":"info","time":"2021-06-22T16:43:13.380+0800","caller":"/works/code/vd-node-manage/models/init.go:18","msg":"初始化数据库连接","serviceName":"zebus"}
{"level":"info","time":"2021-06-22T16:43:13.381+0800","caller":"/works/code/vd-node-manage/models/migration.go:19","msg":"开始进行数据库初始化......","serviceName":"zebus"}
{"level":"info","time":"2021-06-22T16:43:13.724+0800","caller":"/works/code/vd-node-manage/models/migration.go:25","msg":"数据库初始化结束","serviceName":"zebus"}
{"level":"info","time":"2021-06-22T16:43:19.756+0800","caller":"/works/code/vd-node-manage/pkg/logging/logging.go:92","msg":"log 初始化成功","serviceName":"zebus"}
{"level":"info","time":"2021-06-22T16:43:19.756+0800","caller":"/works/code/vd-node-manage/models/init.go:18","msg":"初始化数据库连接","serviceName":"zebus"}
{"level":"info","time":"2021-06-22T16:43:19.757+0800","caller":"/works/code/vd-node-manage/models/migration.go:19","msg":"开始进行数据库初始化......","serviceName":"zebus"}
{"level":"info","time":"2021-06-22T16:43:20.098+0800","caller":"/works/code/vd-node-manage/models/migration.go:25","msg":"数据库初始化结束","serviceName":"zebus"}
{"level":"info","time":"2021-06-22T16:44:04.839+0800","caller":"/works/code/vd-node-manage/pkg/logging/logging.go:92","msg":"log 初始化成功","serviceName":"zebus"}
{"level":"info","time":"2021-06-22T16:44:04.840+0800","caller":"/works/code/vd-node-manage/models/init.go:18","msg":"初始化数据库连接","serviceName":"zebus"}
{"level":"info","time":"2021-06-22T16:44:04.840+0800","caller":"/works/code/vd-node-manage/models/migration.go:19","msg":"开始进行数据库初始化......","serviceName":"zebus"}
{"level":"info","time":"2021-06-22T16:44:05.293+0800","caller":"/works/code/vd-node-manage/models/migration.go:25","msg":"数据库初始化结束","serviceName":"zebus"}
{"level":"info","time":"2021-06-22T16:45:34.815+0800","caller":"/works/code/vd-node-manage/pkg/logging/logging.go:92","msg":"log 初始化成功","serviceName":"zebus"}
{"level":"info","time":"2021-06-22T16:45:34.815+0800","caller":"/works/code/vd-node-manage/models/init.go:18","msg":"初始化数据库连接","serviceName":"zebus"}
{"level":"info","time":"2021-06-22T16:45:34.816+0800","caller":"/works/code/vd-node-manage/models/migration.go:19","msg":"开始进行数据库初始化......","serviceName":"zebus"}
{"level":"info","time":"2021-06-22T16:45:35.147+0800","caller":"/works/code/vd-node-manage/models/migration.go:25","msg":"数据库初始化结束","serviceName":"zebus"}
{"level":"info","time":"2021-06-22T17:52:36.126+0800","caller":"/works/code/vd-node-manage/pkg/logging/logging.go:92","msg":"log 初始化成功","serviceName":"zebus"}
{"level":"info","time":"2021-06-22T17:52:36.127+0800","caller":"/works/code/vd-node-manage/models/init.go:18","msg":"初始化数据库连接","serviceName":"zebus"}
{"level":"info","time":"2021-06-22T17:52:36.127+0800","caller":"/works/code/vd-node-manage/models/migration.go:19","msg":"开始进行数据库初始化......","serviceName":"zebus"}
{"level":"info","time":"2021-06-22T17:52:36.542+0800","caller":"/works/code/vd-node-manage/models/migration.go:25","msg":"数据库初始化结束","serviceName":"zebus"}
{"level":"info","time":"2021-06-22T17:52:42.103+0800","caller":"/works/code/vd-node-manage/pkg/logging/logging.go:92","msg":"log 初始化成功","serviceName":"zebus"}
{"level":"info","time":"2021-06-22T17:52:42.104+0800","caller":"/works/code/vd-node-manage/models/init.go:18","msg":"初始化数据库连接","serviceName":"zebus"}
{"level":"info","time":"2021-06-22T17:52:42.105+0800","caller":"/works/code/vd-node-manage/models/migration.go:19","msg":"开始进行数据库初始化......","serviceName":"zebus"}
{"level":"info","time":"2021-06-22T17:52:42.443+0800","caller":"/works/code/vd-node-manage/models/migration.go:25","msg":"数据库初始化结束","serviceName":"zebus"}
{"level":"info","time":"2021-06-22T17:53:44.950+0800","caller":"/works/code/vd-node-manage/pkg/logging/logging.go:92","msg":"log 初始化成功","serviceName":"zebus"}
{"level":"info","time":"2021-06-22T17:53:44.950+0800","caller":"/works/code/vd-node-manage/models/init.go:18","msg":"初始化数据库连接","serviceName":"zebus"}
{"level":"info","time":"2021-06-22T17:53:44.951+0800","caller":"/works/code/vd-node-manage/models/migration.go:19","msg":"开始进行数据库初始化......","serviceName":"zebus"}
{"level":"info","time":"2021-06-22T17:53:45.286+0800","caller":"/works/code/vd-node-manage/models/migration.go:25","msg":"数据库初始化结束","serviceName":"zebus"}
{"level":"info","time":"2021-06-22T17:53:55.005+0800","caller":"/works/code/vd-node-manage/pkg/logging/logging.go:92","msg":"log 初始化成功","serviceName":"zebus"}
{"level":"info","time":"2021-06-22T17:53:55.007+0800","caller":"/works/code/vd-node-manage/models/init.go:18","msg":"初始化数据库连接","serviceName":"zebus"}
{"level":"info","time":"2021-06-22T17:53:55.008+0800","caller":"/works/code/vd-node-manage/models/migration.go:19","msg":"开始进行数据库初始化......","serviceName":"zebus"}
{"level":"info","time":"2021-06-22T17:53:55.490+0800","caller":"/works/code/vd-node-manage/models/migration.go:25","msg":"数据库初始化结束","serviceName":"zebus"}
{"level":"info","time":"2021-06-22T17:55:13.915+0800","caller":"/works/code/vd-node-manage/pkg/logging/logging.go:92","msg":"log 初始化成功","serviceName":"zebus"}
{"level":"info","time":"2021-06-22T17:55:13.915+0800","caller":"/works/code/vd-node-manage/models/init.go:18","msg":"初始化数据库连接","serviceName":"zebus"}
{"level":"info","time":"2021-06-22T17:55:13.915+0800","caller":"/works/code/vd-node-manage/models/migration.go:19","msg":"开始进行数据库初始化......","serviceName":"zebus"}
{"level":"info","time":"2021-06-22T17:55:14.374+0800","caller":"/works/code/vd-node-manage/models/migration.go:25","msg":"数据库初始化结束","serviceName":"zebus"}
{"level":"info","time":"2021-06-22T17:59:04.360+0800","caller":"/works/code/vd-node-manage/pkg/logging/logging.go:92","msg":"log 初始化成功","serviceName":"zebus"}
{"level":"info","time":"2021-06-22T17:59:04.361+0800","caller":"/works/code/vd-node-manage/models/init.go:18","msg":"初始化数据库连接","serviceName":"zebus"}
{"level":"info","time":"2021-06-22T17:59:04.364+0800","caller":"/works/code/vd-node-manage/models/migration.go:19","msg":"开始进行数据库初始化......","serviceName":"zebus"}
{"level":"info","time":"2021-06-22T17:59:04.741+0800","caller":"/works/code/vd-node-manage/models/migration.go:25","msg":"数据库初始化结束","serviceName":"zebus"}
